[     412ms] [INFO] %cDownload the React DevTools for a better development experience: https://react.dev/link/react-devtools font-weight:bold @ http://localhost:7777/_next/static/chunks/11e8_next_dist_0p_ozq-._.js:2431
[     520ms] [ERROR] Failed to load resource: the server responded with a status of 400 (Bad Request) @ http://localhost:7777/_next/image?url=%2Fplaceholder-car.jpg&w=640&q=75:0
[     540ms] [LOG] [HMR] connected @ http://localhost:7777/_next/static/chunks/11e8_next_dist_0p_ozq-._.js:2431
[     660ms] [ERROR] A tree hydrated but some attributes of the server rendered HTML didn't match the client properties. This won't be patched up. This can happen if a SSR-ed Client Component used:

- A server/client branch `if (typeof window !== 'undefined')`.
- Variable input such as `Date.now()` or `Math.random()` which changes each time it's called.
- Date formatting in a user's locale which doesn't match the server.
- External changing data without sending a snapshot of it along with the HTML.
- Invalid HTML tag nesting.

It can also happen if the client has a browser extension installed which messes with the HTML before React loaded.

%s%s https://react.dev/link/hydration-mismatch 

  ...
    <HotReload globalError={[...]} webSocket={WebSocket} staticIndicatorState={{pathname:null, ...}}>
      <AppDevOverlayErrorBoundary globalError={[...]}>
        <ReplaySsrOnlyErrors>
        <DevRootHTTPAccessFallbackBoundary>
          <HTTPAccessFallbackBoundary notFound={<NotAllowedRootHTTPFallbackError>}>
            <HTTPAccessFallbackErrorBoundary pathname="/" notFound={<NotAllowedRootHTTPFallbackError>} ...>
              <RedirectBoundary>
                <RedirectErrorBoundary router={{...}}>
                  <Head>
                  <__next_root_layout_boundary__>
                    <LoadingBoundaryProvider loading={[...]}>
                      <SegmentViewNode type="layout" pagePath="layout.tsx">
                        <SegmentTrieNode>
                        <link>
                        <script>
                        <script>
                        <script>
                        <RootLayout>
                          <html
                            lang="en"
-                           className="light"
-                           style={{color-scheme:"light"}}
                          >
                  ...
 @ http://localhost:7777/_next/static/chunks/11e8_next_dist_0p_ozq-._.js:3272
[     702ms] [ERROR] `legacyBehavior` is deprecated and will be removed in a future release. A codemod is available to upgrade your components:

npx @next/codemod@latest new-link .

Learn more: https://nextjs.org/docs/app/building-your-application/upgrading/codemods#remove-a-tags-from-link-components @ http://localhost:7777/_next/static/chunks/11e8_next_dist_0p_ozq-._.js:3272
[   75393ms] [LOG] [Fast Refresh] rebuilding @ http://localhost:7777/_next/static/chunks/11e8_next_dist_0p_ozq-._.js:2431
[   75713ms] [LOG] [Fast Refresh] done in 96ms @ http://localhost:7777/_next/static/chunks/11e8_next_dist_0p_ozq-._.js:2431
[   80731ms] [LOG] [Fast Refresh] rebuilding @ http://localhost:7777/_next/static/chunks/11e8_next_dist_0p_ozq-._.js:2431
[   80977ms] [LOG] [Fast Refresh] done in 63ms @ http://localhost:7777/_next/static/chunks/11e8_next_dist_0p_ozq-._.js:2431
[   97611ms] [LOG] [Fast Refresh] rebuilding @ http://localhost:7777/_next/static/chunks/11e8_next_dist_0p_ozq-._.js:2431
[   97890ms] [LOG] [Fast Refresh] done in 87ms @ http://localhost:7777/_next/static/chunks/11e8_next_dist_0p_ozq-._.js:2431
